# JRE version: OpenJDK Runtime Environment Temurin-17.0.13+11 (17.0.13+11) (build 17.0.13+11)
# Java VM: OpenJDK 64-Bit Server VM Temurin-17.0.13+11 (17.0.13+11, mixed mode, tiered, compressed oops, compressed class ptrs, parallel gc, windows-amd64)
GC Precious Log:
 CPUs: 12 total, 12 available
 Memory: 7896M
 Large Page Support: Disabled
 NUMA Support: Disabled
 Compressed Oops: Enabled (32-bit)
 Alignments: Space 512K, Generation 512K, Heap 2M
 Heap Min Capacity: 100M
 Heap Initial Capacity: 100M
 Heap Max Capacity: 1G
 Pre-touch: Disabled
 Parallel Workers: 10
Heap:
 PSYoungGen      total 11264K, used 6612K [0x00000000eab00000, 0x00000000eba00000, 0x0000000100000000)
  eden space 8192K, 53% used [0x00000000eab00000,0x00000000eaf42150,0x00000000eb300000)
  from space 3072K, 73% used [0x00000000eb380000,0x00000000eb5b3c58,0x00000000eb680000)
  to   space 3584K, 0% used [0x00000000eb680000,0x00000000eb680000,0x00000000eba00000)
 ParOldGen       total 138752K, used 119374K [0x00000000c0000000, 0x00000000c8780000, 0x00000000eab00000)
  object space 138752K, 86% used [0x00000000c0000000,0x00000000c7493920,0x00000000c8780000)
 Metaspace       used 64917K, committed 65984K, reserved 1114112K
  class space    used 6712K, committed 7168K, reserved 1048576K
GC Heap History (20 events):
Event: 9.147 GC heap before
{Heap before GC invocations=70 (full 4):
 PSYoungGen      total 13312K, used 13283K [0x00000000eab00000, 0x00000000ebf80000, 0x0000000100000000)
  eden space 10752K, 100% used [0x00000000eab00000,0x00000000eb580000,0x00000000eb580000)
  from space 2560K, 98% used [0x00000000eba80000,0x00000000ebcf8d60,0x00000000ebd00000)
  to   space 5120K, 0% used [0x00000000eb580000,0x00000000eb580000,0x00000000eba80000)
 ParOldGen       total 117760K, used 115221K [0x00000000c0000000, 0x00000000c7300000, 0x00000000eab00000)
  object space 117760K, 97% used [0x00000000c0000000,0x00000000c7085700,0x00000000c7300000)
 Metaspace       used 63947K, committed 64960K, reserved 1114112K
  class space    used 6626K, committed 7040K, reserved 1048576K
}
Event: 9.151 GC heap after
{Heap after GC invocations=70 (full 4):
 PSYoungGen      total 13312K, used 2405K [0x00000000eab00000, 0x00000000ebc80000, 0x0000000100000000)
  eden space 10752K, 0% used [0x00000000eab00000,0x00000000eab00000,0x00000000eb580000)
  from space 2560K, 93% used [0x00000000eb580000,0x00000000eb7d94d8,0x00000000eb800000)
  to   space 3584K, 0% used [0x00000000eb900000,0x00000000eb900000,0x00000000ebc80000)
 ParOldGen       total 117760K, used 117730K [0x00000000c0000000, 0x00000000c7300000, 0x00000000eab00000)
  object space 117760K, 99% used [0x00000000c0000000,0x00000000c72f8be0,0x00000000c7300000)
 Metaspace       used 63947K, committed 64960K, reserved 1114112K
  class space    used 6626K, committed 7040K, reserved 1048576K
}
Event: 9.218 GC heap before
{Heap before GC invocations=71 (full 5):
 PSYoungGen      total 13312K, used 13157K [0x00000000eab00000, 0x00000000ebc80000, 0x0000000100000000)
  eden space 10752K, 100% used [0x00000000eab00000,0x00000000eb580000,0x00000000eb580000)
  from space 2560K, 93% used [0x00000000eb580000,0x00000000eb7d94d8,0x00000000eb800000)
  to   space 3584K, 0% used [0x00000000eb900000,0x00000000eb900000,0x00000000ebc80000)
 ParOldGen       total 117760K, used 117730K [0x00000000c0000000, 0x00000000c7300000, 0x00000000eab00000)
  object space 117760K, 99% used [0x00000000c0000000,0x00000000c72f8be0,0x00000000c7300000)
 Metaspace       used 64037K, committed 65088K, reserved 1114112K
  class space    used 6626K, committed 7040K, reserved 1048576K
}
Event: 9.289 GC heap after
{Heap after GC invocations=71 (full 5):
 PSYoungGen      total 14336K, used 0K [0x00000000eab00000, 0x00000000ebc80000, 0x0000000100000000)
  eden space 10752K, 0% used [0x00000000eab00000,0x00000000eab00000,0x00000000eb580000)
  from space 3584K, 0% used [0x00000000eb900000,0x00000000eb900000,0x00000000ebc80000)
  to   space 3584K, 0% used [0x00000000eb580000,0x00000000eb580000,0x00000000eb900000)
 ParOldGen       total 117760K, used 114735K [0x00000000c0000000, 0x00000000c7300000, 0x00000000eab00000)
  object space 117760K, 97% used [0x00000000c0000000,0x00000000c700bca8,0x00000000c7300000)
 Metaspace       used 64037K, committed 65088K, reserved 1114112K
  class space    used 6626K, committed 7040K, reserved 1048576K
}
Event: 9.330 GC heap before
{Heap before GC invocations=72 (full 5):
 PSYoungGen      total 14336K, used 10752K [0x00000000eab00000, 0x00000000ebc80000, 0x0000000100000000)
  eden space 10752K, 100% used [0x00000000eab00000,0x00000000eb580000,0x00000000eb580000)
  from space 3584K, 0% used [0x00000000eb900000,0x00000000eb900000,0x00000000ebc80000)
  to   space 3584K, 0% used [0x00000000eb580000,0x00000000eb580000,0x00000000eb900000)
 ParOldGen       total 117760K, used 114735K [0x00000000c0000000, 0x00000000c7300000, 0x00000000eab00000)
  object space 117760K, 97% used [0x00000000c0000000,0x00000000c700bca8,0x00000000c7300000)
 Metaspace       used 64145K, committed 65152K, reserved 1114112K
  class space    used 6634K, committed 7040K, reserved 1048576K
}
Event: 9.332 GC heap after
{Heap after GC invocations=72 (full 5):
 PSYoungGen      total 12800K, used 1649K [0x00000000eab00000, 0x00000000eba80000, 0x0000000100000000)
  eden space 10752K, 0% used [0x00000000eab00000,0x00000000eab00000,0x00000000eb580000)
  from space 2048K, 80% used [0x00000000eb580000,0x00000000eb71c790,0x00000000eb780000)
  to   space 2560K, 0% used [0x00000000eb800000,0x00000000eb800000,0x00000000eba80000)
 ParOldGen       total 117760K, used 114743K [0x00000000c0000000, 0x00000000c7300000, 0x00000000eab00000)
  object space 117760K, 97% used [0x00000000c0000000,0x00000000c700dca8,0x00000000c7300000)
 Metaspace       used 64145K, committed 65152K, reserved 1114112K
  class space    used 6634K, committed 7040K, reserved 1048576K
}
Event: 9.353 GC heap before
{Heap before GC invocations=73 (full 5):
 PSYoungGen      total 12800K, used 12401K [0x00000000eab00000, 0x00000000eba80000, 0x0000000100000000)
  eden space 10752K, 100% used [0x00000000eab00000,0x00000000eb580000,0x00000000eb580000)
  from space 2048K, 80% used [0x00000000eb580000,0x00000000eb71c790,0x00000000eb780000)
  to   space 2560K, 0% used [0x00000000eb800000,0x00000000eb800000,0x00000000eba80000)
 ParOldGen       total 117760K, used 114743K [0x00000000c0000000, 0x00000000c7300000, 0x00000000eab00000)
  object space 117760K, 97% used [0x00000000c0000000,0x00000000c700dca8,0x00000000c7300000)
 Metaspace       used 64203K, committed 65280K, reserved 1114112K
  class space    used 6645K, committed 7104K, reserved 1048576K
}
Event: 9.356 GC heap after
{Heap after GC invocations=73 (full 5):
 PSYoungGen      total 12288K, used 2558K [0x00000000eab00000, 0x00000000ebc80000, 0x0000000100000000)
  eden space 9728K, 0% used [0x00000000eab00000,0x00000000eab00000,0x00000000eb480000)
  from space 2560K, 99% used [0x00000000eb800000,0x00000000eba7f8d8,0x00000000eba80000)
  to   space 3584K, 0% used [0x00000000eb480000,0x00000000eb480000,0x00000000eb800000)
 ParOldGen       total 117760K, used 115239K [0x00000000c0000000, 0x00000000c7300000, 0x00000000eab00000)
  object space 117760K, 97% used [0x00000000c0000000,0x00000000c7089e90,0x00000000c7300000)
 Metaspace       used 64203K, committed 65280K, reserved 1114112K
  class space    used 6645K, committed 7104K, reserved 1048576K
}
Event: 9.403 GC heap before
{Heap before GC invocations=74 (full 5):
 PSYoungGen      total 12288K, used 12286K [0x00000000eab00000, 0x00000000ebc80000, 0x0000000100000000)
  eden space 9728K, 100% used [0x00000000eab00000,0x00000000eb480000,0x00000000eb480000)
  from space 2560K, 99% used [0x00000000eb800000,0x00000000eba7f8d8,0x00000000eba80000)
  to   space 3584K, 0% used [0x00000000eb480000,0x00000000eb480000,0x00000000eb800000)
 ParOldGen       total 117760K, used 115239K [0x00000000c0000000, 0x00000000c7300000, 0x00000000eab00000)
  object space 117760K, 97% used [0x00000000c0000000,0x00000000c7089e90,0x00000000c7300000)
 Metaspace       used 64312K, committed 65408K, reserved 1114112K
  class space    used 6655K, committed 7104K, reserved 1048576K
}
Event: 9.405 GC heap after
{Heap after GC invocations=74 (full 5):
 PSYoungGen      total 12800K, used 2913K [0x00000000eab00000, 0x00000000eba80000, 0x0000000100000000)
  eden space 9728K, 0% used [0x00000000eab00000,0x00000000eab00000,0x00000000eb480000)
  from space 3072K, 94% used [0x00000000eb480000,0x00000000eb7585a0,0x00000000eb780000)
  to   space 3072K, 0% used [0x00000000eb780000,0x00000000eb780000,0x00000000eba80000)
 ParOldGen       total 117760K, used 116389K [0x00000000c0000000, 0x00000000c7300000, 0x00000000eab00000)
  object space 117760K, 98% used [0x00000000c0000000,0x00000000c71a9668,0x00000000c7300000)
 Metaspace       used 64312K, committed 65408K, reserved 1114112K
  class space    used 6655K, committed 7104K, reserved 1048576K
}
Event: 9.469 GC heap before
{Heap before GC invocations=75 (full 5):
 PSYoungGen      total 12800K, used 12641K [0x00000000eab00000, 0x00000000eba80000, 0x0000000100000000)
  eden space 9728K, 100% used [0x00000000eab00000,0x00000000eb480000,0x00000000eb480000)
  from space 3072K, 94% used [0x00000000eb480000,0x00000000eb7585a0,0x00000000eb780000)
  to   space 3072K, 0% used [0x00000000eb780000,0x00000000eb780000,0x00000000eba80000)
 ParOldGen       total 117760K, used 116389K [0x00000000c0000000, 0x00000000c7300000, 0x00000000eab00000)
  object space 117760K, 98% used [0x00000000c0000000,0x00000000c71a9668,0x00000000c7300000)
 Metaspace       used 64661K, committed 65728K, reserved 1114112K
  class space    used 6704K, committed 7168K, reserved 1048576K
}
Event: 9.471 GC heap after
{Heap after GC invocations=75 (full 5):
 PSYoungGen      total 11264K, used 3052K [0x00000000eab00000, 0x00000000ebd80000, 0x0000000100000000)
  eden space 8192K, 0% used [0x00000000eab00000,0x00000000eab00000,0x00000000eb300000)
  from space 3072K, 99% used [0x00000000eb780000,0x00000000eba7b388,0x00000000eba80000)
  to   space 4608K, 0% used [0x00000000eb300000,0x00000000eb300000,0x00000000eb780000)
 ParOldGen       total 117760K, used 117393K [0x00000000c0000000, 0x00000000c7300000, 0x00000000eab00000)
  object space 117760K, 99% used [0x00000000c0000000,0x00000000c72a4710,0x00000000c7300000)
 Metaspace       used 64661K, committed 65728K, reserved 1114112K
  class space    used 6704K, committed 7168K, reserved 1048576K
}
Event: 9.546 GC heap before
{Heap before GC invocations=76 (full 6):
 PSYoungGen      total 11264K, used 11244K [0x00000000eab00000, 0x00000000ebd80000, 0x0000000100000000)
  eden space 8192K, 100% used [0x00000000eab00000,0x00000000eb300000,0x00000000eb300000)
  from space 3072K, 99% used [0x00000000eb780000,0x00000000eba7b388,0x00000000eba80000)
  to   space 4608K, 0% used [0x00000000eb300000,0x00000000eb300000,0x00000000eb780000)
 ParOldGen       total 117760K, used 117393K [0x00000000c0000000, 0x00000000c7300000, 0x00000000eab00000)
  object space 117760K, 99% used [0x00000000c0000000,0x00000000c72a4710,0x00000000c7300000)
 Metaspace       used 64750K, committed 65856K, reserved 1114112K
  class space    used 6711K, committed 7168K, reserved 1048576K
}
Event: 9.628 GC heap after
{Heap after GC invocations=76 (full 6):
 PSYoungGen      total 12800K, used 0K [0x00000000eab00000, 0x00000000ebc00000, 0x0000000100000000)
  eden space 8192K, 0% used [0x00000000eab00000,0x00000000eab00000,0x00000000eb300000)
  from space 4608K, 0% used [0x00000000eb300000,0x00000000eb300000,0x00000000eb780000)
  to   space 4608K, 0% used [0x00000000eb780000,0x00000000eb780000,0x00000000ebc00000)
 ParOldGen       total 138752K, used 113840K [0x00000000c0000000, 0x00000000c8780000, 0x00000000eab00000)
  object space 138752K, 82% used [0x00000000c0000000,0x00000000c6f2c2f0,0x00000000c8780000)
 Metaspace       used 64750K, committed 65856K, reserved 1114112K
  class space    used 6711K, committed 7168K, reserved 1048576K
}
Event: 9.687 GC heap before
{Heap before GC invocations=77 (full 6):
 PSYoungGen      total 12800K, used 8192K [0x00000000eab00000, 0x00000000ebc00000, 0x0000000100000000)
  eden space 8192K, 100% used [0x00000000eab00000,0x00000000eb300000,0x00000000eb300000)
  from space 4608K, 0% used [0x00000000eb300000,0x00000000eb300000,0x00000000eb780000)
  to   space 4608K, 0% used [0x00000000eb780000,0x00000000eb780000,0x00000000ebc00000)
 ParOldGen       total 138752K, used 113840K [0x00000000c0000000, 0x00000000c8780000, 0x00000000eab00000)
  object space 138752K, 82% used [0x00000000c0000000,0x00000000c6f2c2f0,0x00000000c8780000)
 Metaspace       used 64758K, committed 65856K, reserved 1114112K
  class space    used 6711K, committed 7168K, reserved 1048576K
}
Event: 9.689 GC heap after
{Heap after GC invocations=77 (full 6):
 PSYoungGen      total 10240K, used 1788K [0x00000000eab00000, 0x00000000eb980000, 0x0000000100000000)
  eden space 8192K, 0% used [0x00000000eab00000,0x00000000eab00000,0x00000000eb300000)
  from space 2048K, 87% used [0x00000000eb780000,0x00000000eb93f390,0x00000000eb980000)
  to   space 3072K, 0% used [0x00000000eb380000,0x00000000eb380000,0x00000000eb680000)
 ParOldGen       total 138752K, used 113840K [0x00000000c0000000, 0x00000000c8780000, 0x00000000eab00000)
  object space 138752K, 82% used [0x00000000c0000000,0x00000000c6f2c2f0,0x00000000c8780000)
 Metaspace       used 64758K, committed 65856K, reserved 1114112K
  class space    used 6711K, committed 7168K, reserved 1048576K
}
Event: 9.729 GC heap before
{Heap before GC invocations=78 (full 6):
 PSYoungGen      total 10240K, used 9980K [0x00000000eab00000, 0x00000000eb980000, 0x0000000100000000)
  eden space 8192K, 100% used [0x00000000eab00000,0x00000000eb300000,0x00000000eb300000)
  from space 2048K, 87% used [0x00000000eb780000,0x00000000eb93f390,0x00000000eb980000)
  to   space 3072K, 0% used [0x00000000eb380000,0x00000000eb380000,0x00000000eb680000)
 ParOldGen       total 138752K, used 113840K [0x00000000c0000000, 0x00000000c8780000, 0x00000000eab00000)
  object space 138752K, 82% used [0x00000000c0000000,0x00000000c6f2c2f0,0x00000000c8780000)
 Metaspace       used 64759K, committed 65856K, reserved 1114112K
  class space    used 6711K, committed 7168K, reserved 1048576K
}
Event: 9.730 GC heap after
{Heap after GC invocations=78 (full 6):
 PSYoungGen      total 11264K, used 3057K [0x00000000eab00000, 0x00000000eba00000, 0x0000000100000000)
  eden space 8192K, 0% used [0x00000000eab00000,0x00000000eab00000,0x00000000eb300000)
  from space 3072K, 99% used [0x00000000eb380000,0x00000000eb67c618,0x00000000eb680000)
  to   space 3584K, 0% used [0x00000000eb680000,0x00000000eb680000,0x00000000eba00000)
 ParOldGen       total 138752K, used 113960K [0x00000000c0000000, 0x00000000c8780000, 0x00000000eab00000)
  object space 138752K, 82% used [0x00000000c0000000,0x00000000c6f4a2f0,0x00000000c8780000)
 Metaspace       used 64759K, committed 65856K, reserved 1114112K
  class space    used 6711K, committed 7168K, reserved 1048576K
}
Event: 9.778 GC heap before
{Heap before GC invocations=79 (full 6):
 PSYoungGen      total 11264K, used 11249K [0x00000000eab00000, 0x00000000eba00000, 0x0000000100000000)
  eden space 8192K, 100% used [0x00000000eab00000,0x00000000eb300000,0x00000000eb300000)
  from space 3072K, 99% used [0x00000000eb380000,0x00000000eb67c618,0x00000000eb680000)
  to   space 3584K, 0% used [0x00000000eb680000,0x00000000eb680000,0x00000000eba00000)
 ParOldGen       total 138752K, used 113960K [0x00000000c0000000, 0x00000000c8780000, 0x00000000eab00000)
  object space 138752K, 82% used [0x00000000c0000000,0x00000000c6f4a2f0,0x00000000c8780000)
 Metaspace       used 64796K, committed 65856K, reserved 1114112K
  class space    used 6712K, committed 7168K, reserved 1048576K
}
Event: 9.781 GC heap after
{Heap after GC invocations=79 (full 6):
 PSYoungGen      total 11776K, used 3554K [0x00000000eab00000, 0x00000000eba00000, 0x0000000100000000)
  eden space 8192K, 0% used [0x00000000eab00000,0x00000000eab00000,0x00000000eb300000)
  from space 3584K, 99% used [0x00000000eb680000,0x00000000eb9f89f0,0x00000000eba00000)
  to   space 3072K, 0% used [0x00000000eb380000,0x00000000eb380000,0x00000000eb680000)
 ParOldGen       total 138752K, used 115914K [0x00000000c0000000, 0x00000000c8780000, 0x00000000eab00000)
  object space 138752K, 83% used [0x00000000c0000000,0x00000000c7132ac0,0x00000000c8780000)
 Metaspace       used 64796K, committed 65856K, reserved 1114112K
  class space    used 6712K, committed 7168K, reserved 1048576K
}

