# JRE version: OpenJDK Runtime Environment Temurin-17.0.13+11 (17.0.13+11) (build 17.0.13+11)
# Java VM: OpenJDK 64-Bit Server VM Temurin-17.0.13+11 (17.0.13+11, mixed mode, tiered, compressed oops, compressed class ptrs, parallel gc, windows-amd64)
GC Precious Log:
 CPUs: 12 total, 12 available
 Memory: 7896M
 Large Page Support: Disabled
 NUMA Support: Disabled
 Compressed Oops: Enabled (32-bit)
 Alignments: Space 512K, Generation 512K, Heap 2M
 Heap Min Capacity: 100M
 Heap Initial Capacity: 100M
 Heap Max Capacity: 1G
 Pre-touch: Disabled
 Parallel Workers: 10
Heap:
 PSYoungGen      total 15872K, used 7319K [0x00000000eab00000, 0x00000000ec000000, 0x0000000100000000)
  eden space 10240K, 16% used [0x00000000eab00000,0x00000000eacab168,0x00000000eb500000)
  from space 5632K, 99% used [0x00000000eb500000,0x00000000eba7ad50,0x00000000eba80000)
  to   space 5632K, 0% used [0x00000000eba80000,0x00000000eba80000,0x00000000ec000000)
 ParOldGen       total 699392K, used 397786K [0x00000000c0000000, 0x00000000eab00000, 0x00000000eab00000)
  object space 699392K, 56% used [0x00000000c0000000,0x00000000d8476878,0x00000000eab00000)
 Metaspace       used 77631K, committed 78848K, reserved 1179648K
  class space    used 8529K, committed 9024K, reserved 1048576K
GC Heap History (20 events):
Event: 39.575 GC heap before
{Heap before GC invocations=615 (full 329):
 PSYoungGen      total 12800K, used 12379K [0x00000000eab00000, 0x00000000ebb80000, 0x0000000100000000)
  eden space 8704K, 100% used [0x00000000eab00000,0x00000000eb380000,0x00000000eb380000)
  from space 4096K, 89% used [0x00000000eb780000,0x00000000ebb16d50,0x00000000ebb80000)
  to   space 4096K, 0% used [0x00000000eb380000,0x00000000eb380000,0x00000000eb780000)
 ParOldGen       total 699392K, used 392373K [0x00000000c0000000, 0x00000000eab00000, 0x00000000eab00000)
  object space 699392K, 56% used [0x00000000c0000000,0x00000000d7f2d628,0x00000000eab00000)
 Metaspace       used 77631K, committed 78848K, reserved 1179648K
  class space    used 8529K, committed 9024K, reserved 1048576K
}
Event: 39.578 GC heap after
{Heap after GC invocations=615 (full 329):
 PSYoungGen      total 12800K, used 3939K [0x00000000eab00000, 0x00000000ebc00000, 0x0000000100000000)
  eden space 8704K, 0% used [0x00000000eab00000,0x00000000eab00000,0x00000000eb380000)
  from space 4096K, 96% used [0x00000000eb380000,0x00000000eb758cf0,0x00000000eb780000)
  to   space 4096K, 0% used [0x00000000eb800000,0x00000000eb800000,0x00000000ebc00000)
 ParOldGen       total 699392K, used 392373K [0x00000000c0000000, 0x00000000eab00000, 0x00000000eab00000)
  object space 699392K, 56% used [0x00000000c0000000,0x00000000d7f2d628,0x00000000eab00000)
 Metaspace       used 77631K, committed 78848K, reserved 1179648K
  class space    used 8529K, committed 9024K, reserved 1048576K
}
Event: 39.588 GC heap before
{Heap before GC invocations=616 (full 329):
 PSYoungGen      total 12800K, used 12643K [0x00000000eab00000, 0x00000000ebc00000, 0x0000000100000000)
  eden space 8704K, 100% used [0x00000000eab00000,0x00000000eb380000,0x00000000eb380000)
  from space 4096K, 96% used [0x00000000eb380000,0x00000000eb758cf0,0x00000000eb780000)
  to   space 4096K, 0% used [0x00000000eb800000,0x00000000eb800000,0x00000000ebc00000)
 ParOldGen       total 699392K, used 392373K [0x00000000c0000000, 0x00000000eab00000, 0x00000000eab00000)
  object space 699392K, 56% used [0x00000000c0000000,0x00000000d7f2d628,0x00000000eab00000)
 Metaspace       used 77631K, committed 78848K, reserved 1179648K
  class space    used 8529K, committed 9024K, reserved 1048576K
}
Event: 39.591 GC heap after
{Heap after GC invocations=616 (full 329):
 PSYoungGen      total 12800K, used 4095K [0x00000000eab00000, 0x00000000ebd00000, 0x0000000100000000)
  eden space 8704K, 0% used [0x00000000eab00000,0x00000000eab00000,0x00000000eb380000)
  from space 4096K, 99% used [0x00000000eb800000,0x00000000ebbffd30,0x00000000ebc00000)
  to   space 4608K, 0% used [0x00000000eb380000,0x00000000eb380000,0x00000000eb800000)
 ParOldGen       total 699392K, used 392581K [0x00000000c0000000, 0x00000000eab00000, 0x00000000eab00000)
  object space 699392K, 56% used [0x00000000c0000000,0x00000000d7f61628,0x00000000eab00000)
 Metaspace       used 77631K, committed 78848K, reserved 1179648K
  class space    used 8529K, committed 9024K, reserved 1048576K
}
Event: 39.602 GC heap before
{Heap before GC invocations=617 (full 329):
 PSYoungGen      total 12800K, used 12799K [0x00000000eab00000, 0x00000000ebd00000, 0x0000000100000000)
  eden space 8704K, 100% used [0x00000000eab00000,0x00000000eb380000,0x00000000eb380000)
  from space 4096K, 99% used [0x00000000eb800000,0x00000000ebbffd30,0x00000000ebc00000)
  to   space 4608K, 0% used [0x00000000eb380000,0x00000000eb380000,0x00000000eb800000)
 ParOldGen       total 699392K, used 392581K [0x00000000c0000000, 0x00000000eab00000, 0x00000000eab00000)
  object space 699392K, 56% used [0x00000000c0000000,0x00000000d7f61628,0x00000000eab00000)
 Metaspace       used 77631K, committed 78848K, reserved 1179648K
  class space    used 8529K, committed 9024K, reserved 1048576K
}
Event: 39.605 GC heap after
{Heap after GC invocations=617 (full 329):
 PSYoungGen      total 13312K, used 4135K [0x00000000eab00000, 0x00000000ebd00000, 0x0000000100000000)
  eden space 8704K, 0% used [0x00000000eab00000,0x00000000eab00000,0x00000000eb380000)
  from space 4608K, 89% used [0x00000000eb380000,0x00000000eb789d80,0x00000000eb800000)
  to   space 4608K, 0% used [0x00000000eb880000,0x00000000eb880000,0x00000000ebd00000)
 ParOldGen       total 699392K, used 393013K [0x00000000c0000000, 0x00000000eab00000, 0x00000000eab00000)
  object space 699392K, 56% used [0x00000000c0000000,0x00000000d7fcd5c8,0x00000000eab00000)
 Metaspace       used 77631K, committed 78848K, reserved 1179648K
  class space    used 8529K, committed 9024K, reserved 1048576K
}
Event: 39.615 GC heap before
{Heap before GC invocations=618 (full 329):
 PSYoungGen      total 13312K, used 12839K [0x00000000eab00000, 0x00000000ebd00000, 0x0000000100000000)
  eden space 8704K, 100% used [0x00000000eab00000,0x00000000eb380000,0x00000000eb380000)
  from space 4608K, 89% used [0x00000000eb380000,0x00000000eb789d80,0x00000000eb800000)
  to   space 4608K, 0% used [0x00000000eb880000,0x00000000eb880000,0x00000000ebd00000)
 ParOldGen       total 699392K, used 393013K [0x00000000c0000000, 0x00000000eab00000, 0x00000000eab00000)
  object space 699392K, 56% used [0x00000000c0000000,0x00000000d7fcd5c8,0x00000000eab00000)
 Metaspace       used 77631K, committed 78848K, reserved 1179648K
  class space    used 8529K, committed 9024K, reserved 1048576K
}
Event: 39.619 GC heap after
{Heap after GC invocations=618 (full 329):
 PSYoungGen      total 13312K, used 4587K [0x00000000eab00000, 0x00000000ebe80000, 0x0000000100000000)
  eden space 8704K, 0% used [0x00000000eab00000,0x00000000eab00000,0x00000000eb380000)
  from space 4608K, 99% used [0x00000000eb880000,0x00000000ebcfad60,0x00000000ebd00000)
  to   space 5120K, 0% used [0x00000000eb380000,0x00000000eb380000,0x00000000eb880000)
 ParOldGen       total 699392K, used 393021K [0x00000000c0000000, 0x00000000eab00000, 0x00000000eab00000)
  object space 699392K, 56% used [0x00000000c0000000,0x00000000d7fcf5c8,0x00000000eab00000)
 Metaspace       used 77631K, committed 78848K, reserved 1179648K
  class space    used 8529K, committed 9024K, reserved 1048576K
}
Event: 39.630 GC heap before
{Heap before GC invocations=619 (full 329):
 PSYoungGen      total 13312K, used 13291K [0x00000000eab00000, 0x00000000ebe80000, 0x0000000100000000)
  eden space 8704K, 100% used [0x00000000eab00000,0x00000000eb380000,0x00000000eb380000)
  from space 4608K, 99% used [0x00000000eb880000,0x00000000ebcfad60,0x00000000ebd00000)
  to   space 5120K, 0% used [0x00000000eb380000,0x00000000eb380000,0x00000000eb880000)
 ParOldGen       total 699392K, used 393021K [0x00000000c0000000, 0x00000000eab00000, 0x00000000eab00000)
  object space 699392K, 56% used [0x00000000c0000000,0x00000000d7fcf5c8,0x00000000eab00000)
 Metaspace       used 77631K, committed 78848K, reserved 1179648K
  class space    used 8529K, committed 9024K, reserved 1048576K
}
Event: 39.635 GC heap after
{Heap after GC invocations=619 (full 329):
 PSYoungGen      total 13824K, used 4591K [0x00000000eab00000, 0x00000000ebe80000, 0x0000000100000000)
  eden space 8704K, 0% used [0x00000000eab00000,0x00000000eab00000,0x00000000eb380000)
  from space 5120K, 89% used [0x00000000eb380000,0x00000000eb7fbd20,0x00000000eb880000)
  to   space 5120K, 0% used [0x00000000eb980000,0x00000000eb980000,0x00000000ebe80000)
 ParOldGen       total 699392K, used 393452K [0x00000000c0000000, 0x00000000eab00000, 0x00000000eab00000)
  object space 699392K, 56% used [0x00000000c0000000,0x00000000d803b070,0x00000000eab00000)
 Metaspace       used 77631K, committed 78848K, reserved 1179648K
  class space    used 8529K, committed 9024K, reserved 1048576K
}
Event: 39.645 GC heap before
{Heap before GC invocations=620 (full 329):
 PSYoungGen      total 13824K, used 13295K [0x00000000eab00000, 0x00000000ebe80000, 0x0000000100000000)
  eden space 8704K, 100% used [0x00000000eab00000,0x00000000eb380000,0x00000000eb380000)
  from space 5120K, 89% used [0x00000000eb380000,0x00000000eb7fbd20,0x00000000eb880000)
  to   space 5120K, 0% used [0x00000000eb980000,0x00000000eb980000,0x00000000ebe80000)
 ParOldGen       total 699392K, used 393452K [0x00000000c0000000, 0x00000000eab00000, 0x00000000eab00000)
  object space 699392K, 56% used [0x00000000c0000000,0x00000000d803b070,0x00000000eab00000)
 Metaspace       used 77631K, committed 78848K, reserved 1179648K
  class space    used 8529K, committed 9024K, reserved 1048576K
}
Event: 39.649 GC heap after
{Heap after GC invocations=620 (full 329):
 PSYoungGen      total 13312K, used 5099K [0x00000000eab00000, 0x00000000ec180000, 0x0000000100000000)
  eden space 8192K, 0% used [0x00000000eab00000,0x00000000eab00000,0x00000000eb300000)
  from space 5120K, 99% used [0x00000000eb980000,0x00000000ebe7ad60,0x00000000ebe80000)
  to   space 6656K, 0% used [0x00000000eb300000,0x00000000eb300000,0x00000000eb980000)
 ParOldGen       total 699392K, used 394580K [0x00000000c0000000, 0x00000000eab00000, 0x00000000eab00000)
  object space 699392K, 56% used [0x00000000c0000000,0x00000000d8155070,0x00000000eab00000)
 Metaspace       used 77631K, committed 78848K, reserved 1179648K
  class space    used 8529K, committed 9024K, reserved 1048576K
}
Event: 39.660 GC heap before
{Heap before GC invocations=621 (full 329):
 PSYoungGen      total 13312K, used 13291K [0x00000000eab00000, 0x00000000ec180000, 0x0000000100000000)
  eden space 8192K, 100% used [0x00000000eab00000,0x00000000eb300000,0x00000000eb300000)
  from space 5120K, 99% used [0x00000000eb980000,0x00000000ebe7ad60,0x00000000ebe80000)
  to   space 6656K, 0% used [0x00000000eb300000,0x00000000eb300000,0x00000000eb980000)
 ParOldGen       total 699392K, used 394580K [0x00000000c0000000, 0x00000000eab00000, 0x00000000eab00000)
  object space 699392K, 56% used [0x00000000c0000000,0x00000000d8155070,0x00000000eab00000)
 Metaspace       used 77631K, committed 78848K, reserved 1179648K
  class space    used 8529K, committed 9024K, reserved 1048576K
}
Event: 39.664 GC heap after
{Heap after GC invocations=621 (full 329):
 PSYoungGen      total 14848K, used 5047K [0x00000000eab00000, 0x00000000ebf00000, 0x0000000100000000)
  eden space 8192K, 0% used [0x00000000eab00000,0x00000000eab00000,0x00000000eb300000)
  from space 6656K, 75% used [0x00000000eb300000,0x00000000eb7edd90,0x00000000eb980000)
  to   space 5632K, 0% used [0x00000000eb980000,0x00000000eb980000,0x00000000ebf00000)
 ParOldGen       total 699392K, used 394976K [0x00000000c0000000, 0x00000000eab00000, 0x00000000eab00000)
  object space 699392K, 56% used [0x00000000c0000000,0x00000000d81b8040,0x00000000eab00000)
 Metaspace       used 77631K, committed 78848K, reserved 1179648K
  class space    used 8529K, committed 9024K, reserved 1048576K
}
Event: 39.670 GC heap before
{Heap before GC invocations=622 (full 329):
 PSYoungGen      total 14848K, used 13239K [0x00000000eab00000, 0x00000000ebf00000, 0x0000000100000000)
  eden space 8192K, 100% used [0x00000000eab00000,0x00000000eb300000,0x00000000eb300000)
  from space 6656K, 75% used [0x00000000eb300000,0x00000000eb7edd90,0x00000000eb980000)
  to   space 5632K, 0% used [0x00000000eb980000,0x00000000eb980000,0x00000000ebf00000)
 ParOldGen       total 699392K, used 394976K [0x00000000c0000000, 0x00000000eab00000, 0x00000000eab00000)
  object space 699392K, 56% used [0x00000000c0000000,0x00000000d81b8040,0x00000000eab00000)
 Metaspace       used 77631K, committed 78848K, reserved 1179648K
  class space    used 8529K, committed 9024K, reserved 1048576K
}
Event: 39.674 GC heap after
{Heap after GC invocations=622 (full 329):
 PSYoungGen      total 14848K, used 5243K [0x00000000eab00000, 0x00000000ebf00000, 0x0000000100000000)
  eden space 9216K, 0% used [0x00000000eab00000,0x00000000eab00000,0x00000000eb400000)
  from space 5632K, 93% used [0x00000000eb980000,0x00000000ebe9ed50,0x00000000ebf00000)
  to   space 5632K, 0% used [0x00000000eb400000,0x00000000eb400000,0x00000000eb980000)
 ParOldGen       total 699392K, used 394976K [0x00000000c0000000, 0x00000000eab00000, 0x00000000eab00000)
  object space 699392K, 56% used [0x00000000c0000000,0x00000000d81b8040,0x00000000eab00000)
 Metaspace       used 77631K, committed 78848K, reserved 1179648K
  class space    used 8529K, committed 9024K, reserved 1048576K
}
Event: 39.685 GC heap before
{Heap before GC invocations=623 (full 329):
 PSYoungGen      total 14848K, used 14459K [0x00000000eab00000, 0x00000000ebf00000, 0x0000000100000000)
  eden space 9216K, 100% used [0x00000000eab00000,0x00000000eb400000,0x00000000eb400000)
  from space 5632K, 93% used [0x00000000eb980000,0x00000000ebe9ed50,0x00000000ebf00000)
  to   space 5632K, 0% used [0x00000000eb400000,0x00000000eb400000,0x00000000eb980000)
 ParOldGen       total 699392K, used 394976K [0x00000000c0000000, 0x00000000eab00000, 0x00000000eab00000)
  object space 699392K, 56% used [0x00000000c0000000,0x00000000d81b8040,0x00000000eab00000)
 Metaspace       used 77631K, committed 78848K, reserved 1179648K
  class space    used 8529K, committed 9024K, reserved 1048576K
}
Event: 39.690 GC heap after
{Heap after GC invocations=623 (full 329):
 PSYoungGen      total 14848K, used 5103K [0x00000000eab00000, 0x00000000ec000000, 0x0000000100000000)
  eden space 9216K, 0% used [0x00000000eab00000,0x00000000eab00000,0x00000000eb400000)
  from space 5632K, 90% used [0x00000000eb400000,0x00000000eb8fbd20,0x00000000eb980000)
  to   space 5632K, 0% used [0x00000000eba80000,0x00000000eba80000,0x00000000ec000000)
 ParOldGen       total 699392K, used 395880K [0x00000000c0000000, 0x00000000eab00000, 0x00000000eab00000)
  object space 699392K, 56% used [0x00000000c0000000,0x00000000d829a040,0x00000000eab00000)
 Metaspace       used 77631K, committed 78848K, reserved 1179648K
  class space    used 8529K, committed 9024K, reserved 1048576K
}
Event: 39.699 GC heap before
{Heap before GC invocations=624 (full 329):
 PSYoungGen      total 14848K, used 14319K [0x00000000eab00000, 0x00000000ec000000, 0x0000000100000000)
  eden space 9216K, 100% used [0x00000000eab00000,0x00000000eb400000,0x00000000eb400000)
  from space 5632K, 90% used [0x00000000eb400000,0x00000000eb8fbd20,0x00000000eb980000)
  to   space 5632K, 0% used [0x00000000eba80000,0x00000000eba80000,0x00000000ec000000)
 ParOldGen       total 699392K, used 395880K [0x00000000c0000000, 0x00000000eab00000, 0x00000000eab00000)
  object space 699392K, 56% used [0x00000000c0000000,0x00000000d829a040,0x00000000eab00000)
 Metaspace       used 77631K, committed 78848K, reserved 1179648K
  class space    used 8529K, committed 9024K, reserved 1048576K
}
Event: 39.703 GC heap after
{Heap after GC invocations=624 (full 329):
 PSYoungGen      total 15872K, used 5419K [0x00000000eab00000, 0x00000000ec000000, 0x0000000100000000)
  eden space 10240K, 0% used [0x00000000eab00000,0x00000000eab00000,0x00000000eb500000)
  from space 5632K, 96% used [0x00000000eba80000,0x00000000ebfcad60,0x00000000ec000000)
  to   space 5632K, 0% used [0x00000000eb500000,0x00000000eb500000,0x00000000eba80000)
 ParOldGen       total 699392K, used 396032K [0x00000000c0000000, 0x00000000eab00000, 0x00000000eab00000)
  object space 699392K, 56% used [0x00000000c0000000,0x00000000d82c0040,0x00000000eab00000)
 Metaspace       used 77631K, committed 78848K, reserved 1179648K
  class space    used 8529K, committed 9024K, reserved 1048576K
}

