# JRE version: OpenJDK Runtime Environment Temurin-17.0.13+11 (17.0.13+11) (build 17.0.13+11)
# Java VM: OpenJDK 64-Bit Server VM Temurin-17.0.13+11 (17.0.13+11, mixed mode, tiered, compressed oops, compressed class ptrs, parallel gc, windows-amd64)
GC Precious Log:
 CPUs: 12 total, 12 available
 Memory: 7896M
 Large Page Support: Disabled
 NUMA Support: Disabled
 Compressed Oops: Enabled (32-bit)
 Alignments: Space 512K, Generation 512K, Heap 2M
 Heap Min Capacity: 100M
 Heap Initial Capacity: 100M
 Heap Max Capacity: 1G
 Pre-touch: Disabled
 Parallel Workers: 10
Heap:
 PSYoungGen      total 8192K, used 8089K [0x00000000eab00000, 0x00000000eb580000, 0x0000000100000000)
  eden space 5632K, 98% used [0x00000000eab00000,0x00000000eb06c328,0x00000000eb080000)
  from space 2560K, 99% used [0x00000000eb300000,0x00000000eb57a3f8,0x00000000eb580000)
  to   space 2560K, 21% used [0x00000000eb080000,0x00000000eb10c8f8,0x00000000eb300000)
 ParOldGen       total 212480K, used 180632K [0x00000000c0000000, 0x00000000ccf80000, 0x00000000eab00000)
  object space 212480K, 85% used [0x00000000c0000000,0x00000000cb066308,0x00000000ccf80000)
 Metaspace       used 66084K, committed 67136K, reserved 1114112K
  class space    used 6751K, committed 7168K, reserved 1048576K
GC Heap History (20 events):
Event: 14.991 GC heap before
{Heap before GC invocations=172 (full 8):
 PSYoungGen      total 4096K, used 4091K [0x00000000eab00000, 0x00000000eb100000, 0x0000000100000000)
  eden space 3072K, 100% used [0x00000000eab00000,0x00000000eae00000,0x00000000eae00000)
  from space 1024K, 99% used [0x00000000eae00000,0x00000000eaefef28,0x00000000eaf00000)
  to   space 1536K, 0% used [0x00000000eaf80000,0x00000000eaf80000,0x00000000eb100000)
 ParOldGen       total 176128K, used 173609K [0x00000000c0000000, 0x00000000cac00000, 0x00000000eab00000)
  object space 176128K, 98% used [0x00000000c0000000,0x00000000ca98a5c0,0x00000000cac00000)
 Metaspace       used 66084K, committed 67136K, reserved 1114112K
  class space    used 6751K, committed 7168K, reserved 1048576K
}
Event: 14.992 GC heap after
{Heap after GC invocations=172 (full 8):
 PSYoungGen      total 4096K, used 693K [0x00000000eab00000, 0x00000000eb080000, 0x0000000100000000)
  eden space 3072K, 0% used [0x00000000eab00000,0x00000000eab00000,0x00000000eae00000)
  from space 1024K, 67% used [0x00000000eaf80000,0x00000000eb02d750,0x00000000eb080000)
  to   space 1024K, 0% used [0x00000000eae00000,0x00000000eae00000,0x00000000eaf00000)
 ParOldGen       total 176128K, used 174623K [0x00000000c0000000, 0x00000000cac00000, 0x00000000eab00000)
  object space 176128K, 99% used [0x00000000c0000000,0x00000000caa87f58,0x00000000cac00000)
 Metaspace       used 66084K, committed 67136K, reserved 1114112K
  class space    used 6751K, committed 7168K, reserved 1048576K
}
Event: 15.019 GC heap before
{Heap before GC invocations=173 (full 8):
 PSYoungGen      total 4096K, used 3765K [0x00000000eab00000, 0x00000000eb080000, 0x0000000100000000)
  eden space 3072K, 100% used [0x00000000eab00000,0x00000000eae00000,0x00000000eae00000)
  from space 1024K, 67% used [0x00000000eaf80000,0x00000000eb02d750,0x00000000eb080000)
  to   space 1024K, 0% used [0x00000000eae00000,0x00000000eae00000,0x00000000eaf00000)
 ParOldGen       total 176128K, used 174623K [0x00000000c0000000, 0x00000000cac00000, 0x00000000eab00000)
  object space 176128K, 99% used [0x00000000c0000000,0x00000000caa87f58,0x00000000cac00000)
 Metaspace       used 66084K, committed 67136K, reserved 1114112K
  class space    used 6751K, committed 7168K, reserved 1048576K
}
Event: 15.021 GC heap after
{Heap after GC invocations=173 (full 8):
 PSYoungGen      total 4096K, used 1024K [0x00000000eab00000, 0x00000000eb100000, 0x0000000100000000)
  eden space 3072K, 0% used [0x00000000eab00000,0x00000000eab00000,0x00000000eae00000)
  from space 1024K, 100% used [0x00000000eae00000,0x00000000eaf00000,0x00000000eaf00000)
  to   space 1536K, 0% used [0x00000000eaf80000,0x00000000eaf80000,0x00000000eb100000)
 ParOldGen       total 176128K, used 174834K [0x00000000c0000000, 0x00000000cac00000, 0x00000000eab00000)
  object space 176128K, 99% used [0x00000000c0000000,0x00000000caabca70,0x00000000cac00000)
 Metaspace       used 66084K, committed 67136K, reserved 1114112K
  class space    used 6751K, committed 7168K, reserved 1048576K
}
Event: 15.036 GC heap before
{Heap before GC invocations=174 (full 8):
 PSYoungGen      total 4096K, used 4096K [0x00000000eab00000, 0x00000000eb100000, 0x0000000100000000)
  eden space 3072K, 100% used [0x00000000eab00000,0x00000000eae00000,0x00000000eae00000)
  from space 1024K, 100% used [0x00000000eae00000,0x00000000eaf00000,0x00000000eaf00000)
  to   space 1536K, 0% used [0x00000000eaf80000,0x00000000eaf80000,0x00000000eb100000)
 ParOldGen       total 176128K, used 174834K [0x00000000c0000000, 0x00000000cac00000, 0x00000000eab00000)
  object space 176128K, 99% used [0x00000000c0000000,0x00000000caabca70,0x00000000cac00000)
 Metaspace       used 66084K, committed 67136K, reserved 1114112K
  class space    used 6751K, committed 7168K, reserved 1048576K
}
Event: 15.038 GC heap after
{Heap after GC invocations=174 (full 8):
 PSYoungGen      total 4096K, used 725K [0x00000000eab00000, 0x00000000eb080000, 0x0000000100000000)
  eden space 3072K, 0% used [0x00000000eab00000,0x00000000eab00000,0x00000000eae00000)
  from space 1024K, 70% used [0x00000000eaf80000,0x00000000eb035688,0x00000000eb080000)
  to   space 1024K, 0% used [0x00000000eae00000,0x00000000eae00000,0x00000000eaf00000)
 ParOldGen       total 176128K, used 175883K [0x00000000c0000000, 0x00000000cac00000, 0x00000000eab00000)
  object space 176128K, 99% used [0x00000000c0000000,0x00000000cabc2fe8,0x00000000cac00000)
 Metaspace       used 66084K, committed 67136K, reserved 1114112K
  class space    used 6751K, committed 7168K, reserved 1048576K
}
Event: 15.055 GC heap before
{Heap before GC invocations=175 (full 9):
 PSYoungGen      total 4096K, used 3797K [0x00000000eab00000, 0x00000000eb080000, 0x0000000100000000)
  eden space 3072K, 100% used [0x00000000eab00000,0x00000000eae00000,0x00000000eae00000)
  from space 1024K, 70% used [0x00000000eaf80000,0x00000000eb035688,0x00000000eb080000)
  to   space 1024K, 0% used [0x00000000eae00000,0x00000000eae00000,0x00000000eaf00000)
 ParOldGen       total 176128K, used 175883K [0x00000000c0000000, 0x00000000cac00000, 0x00000000eab00000)
  object space 176128K, 99% used [0x00000000c0000000,0x00000000cabc2fe8,0x00000000cac00000)
 Metaspace       used 66084K, committed 67136K, reserved 1114112K
  class space    used 6751K, committed 7168K, reserved 1048576K
}
Event: 16.066 GC heap after
{Heap after GC invocations=175 (full 9):
 PSYoungGen      total 4096K, used 0K [0x00000000eab00000, 0x00000000eb080000, 0x0000000100000000)
  eden space 3072K, 0% used [0x00000000eab00000,0x00000000eab00000,0x00000000eae00000)
  from space 1024K, 0% used [0x00000000eae00000,0x00000000eae00000,0x00000000eaf00000)
  to   space 1024K, 0% used [0x00000000eaf80000,0x00000000eaf80000,0x00000000eb080000)
 ParOldGen       total 212480K, used 174282K [0x00000000c0000000, 0x00000000ccf80000, 0x00000000eab00000)
  object space 212480K, 82% used [0x00000000c0000000,0x00000000caa32aa8,0x00000000ccf80000)
 Metaspace       used 66084K, committed 67136K, reserved 1114112K
  class space    used 6751K, committed 7168K, reserved 1048576K
}
Event: 16.080 GC heap before
{Heap before GC invocations=176 (full 9):
 PSYoungGen      total 4096K, used 3072K [0x00000000eab00000, 0x00000000eb080000, 0x0000000100000000)
  eden space 3072K, 100% used [0x00000000eab00000,0x00000000eae00000,0x00000000eae00000)
  from space 1024K, 0% used [0x00000000eae00000,0x00000000eae00000,0x00000000eaf00000)
  to   space 1024K, 0% used [0x00000000eaf80000,0x00000000eaf80000,0x00000000eb080000)
 ParOldGen       total 212480K, used 174282K [0x00000000c0000000, 0x00000000ccf80000, 0x00000000eab00000)
  object space 212480K, 82% used [0x00000000c0000000,0x00000000caa32aa8,0x00000000ccf80000)
 Metaspace       used 66084K, committed 67136K, reserved 1114112K
  class space    used 6751K, committed 7168K, reserved 1048576K
}
Event: 16.080 GC heap after
{Heap after GC invocations=176 (full 9):
 PSYoungGen      total 4608K, used 704K [0x00000000eab00000, 0x00000000eb080000, 0x0000000100000000)
  eden space 3584K, 0% used [0x00000000eab00000,0x00000000eab00000,0x00000000eae80000)
  from space 1024K, 68% used [0x00000000eaf80000,0x00000000eb030000,0x00000000eb080000)
  to   space 1024K, 0% used [0x00000000eae80000,0x00000000eae80000,0x00000000eaf80000)
 ParOldGen       total 212480K, used 174282K [0x00000000c0000000, 0x00000000ccf80000, 0x00000000eab00000)
  object space 212480K, 82% used [0x00000000c0000000,0x00000000caa32aa8,0x00000000ccf80000)
 Metaspace       used 66084K, committed 67136K, reserved 1114112K
  class space    used 6751K, committed 7168K, reserved 1048576K
}
Event: 16.101 GC heap before
{Heap before GC invocations=177 (full 9):
 PSYoungGen      total 4608K, used 4288K [0x00000000eab00000, 0x00000000eb080000, 0x0000000100000000)
  eden space 3584K, 100% used [0x00000000eab00000,0x00000000eae80000,0x00000000eae80000)
  from space 1024K, 68% used [0x00000000eaf80000,0x00000000eb030000,0x00000000eb080000)
  to   space 1024K, 0% used [0x00000000eae80000,0x00000000eae80000,0x00000000eaf80000)
 ParOldGen       total 212480K, used 174282K [0x00000000c0000000, 0x00000000ccf80000, 0x00000000eab00000)
  object space 212480K, 82% used [0x00000000c0000000,0x00000000caa32aa8,0x00000000ccf80000)
 Metaspace       used 66084K, committed 67136K, reserved 1114112K
  class space    used 6751K, committed 7168K, reserved 1048576K
}
Event: 16.103 GC heap after
{Heap after GC invocations=177 (full 9):
 PSYoungGen      total 4608K, used 1013K [0x00000000eab00000, 0x00000000eb200000, 0x0000000100000000)
  eden space 3584K, 0% used [0x00000000eab00000,0x00000000eab00000,0x00000000eae80000)
  from space 1024K, 99% used [0x00000000eae80000,0x00000000eaf7d790,0x00000000eaf80000)
  to   space 1536K, 0% used [0x00000000eb080000,0x00000000eb080000,0x00000000eb200000)
 ParOldGen       total 212480K, used 174634K [0x00000000c0000000, 0x00000000ccf80000, 0x00000000eab00000)
  object space 212480K, 82% used [0x00000000c0000000,0x00000000caa8a888,0x00000000ccf80000)
 Metaspace       used 66084K, committed 67136K, reserved 1114112K
  class space    used 6751K, committed 7168K, reserved 1048576K
}
Event: 16.122 GC heap before
{Heap before GC invocations=178 (full 9):
 PSYoungGen      total 4608K, used 4597K [0x00000000eab00000, 0x00000000eb200000, 0x0000000100000000)
  eden space 3584K, 100% used [0x00000000eab00000,0x00000000eae80000,0x00000000eae80000)
  from space 1024K, 99% used [0x00000000eae80000,0x00000000eaf7d790,0x00000000eaf80000)
  to   space 1536K, 0% used [0x00000000eb080000,0x00000000eb080000,0x00000000eb200000)
 ParOldGen       total 212480K, used 174634K [0x00000000c0000000, 0x00000000ccf80000, 0x00000000eab00000)
  object space 212480K, 82% used [0x00000000c0000000,0x00000000caa8a888,0x00000000ccf80000)
 Metaspace       used 66084K, committed 67136K, reserved 1114112K
  class space    used 6751K, committed 7168K, reserved 1048576K
}
Event: 16.124 GC heap after
{Heap after GC invocations=178 (full 9):
 PSYoungGen      total 5632K, used 1480K [0x00000000eab00000, 0x00000000eb200000, 0x0000000100000000)
  eden space 4096K, 0% used [0x00000000eab00000,0x00000000eab00000,0x00000000eaf00000)
  from space 1536K, 96% used [0x00000000eb080000,0x00000000eb1f2300,0x00000000eb200000)
  to   space 1536K, 0% used [0x00000000eaf00000,0x00000000eaf00000,0x00000000eb080000)
 ParOldGen       total 212480K, used 175034K [0x00000000c0000000, 0x00000000ccf80000, 0x00000000eab00000)
  object space 212480K, 82% used [0x00000000c0000000,0x00000000caaee838,0x00000000ccf80000)
 Metaspace       used 66084K, committed 67136K, reserved 1114112K
  class space    used 6751K, committed 7168K, reserved 1048576K
}
Event: 16.143 GC heap before
{Heap before GC invocations=179 (full 9):
 PSYoungGen      total 5632K, used 5576K [0x00000000eab00000, 0x00000000eb200000, 0x0000000100000000)
  eden space 4096K, 100% used [0x00000000eab00000,0x00000000eaf00000,0x00000000eaf00000)
  from space 1536K, 96% used [0x00000000eb080000,0x00000000eb1f2300,0x00000000eb200000)
  to   space 1536K, 0% used [0x00000000eaf00000,0x00000000eaf00000,0x00000000eb080000)
 ParOldGen       total 212480K, used 175034K [0x00000000c0000000, 0x00000000ccf80000, 0x00000000eab00000)
  object space 212480K, 82% used [0x00000000c0000000,0x00000000caaee838,0x00000000ccf80000)
 Metaspace       used 66084K, committed 67136K, reserved 1114112K
  class space    used 6751K, committed 7168K, reserved 1048576K
}
Event: 16.145 GC heap after
{Heap after GC invocations=179 (full 9):
 PSYoungGen      total 5632K, used 1520K [0x00000000eab00000, 0x00000000eb480000, 0x0000000100000000)
  eden space 4096K, 0% used [0x00000000eab00000,0x00000000eab00000,0x00000000eaf00000)
  from space 1536K, 99% used [0x00000000eaf00000,0x00000000eb07c390,0x00000000eb080000)
  to   space 2560K, 0% used [0x00000000eb200000,0x00000000eb200000,0x00000000eb480000)
 ParOldGen       total 212480K, used 175841K [0x00000000c0000000, 0x00000000ccf80000, 0x00000000eab00000)
  object space 212480K, 82% used [0x00000000c0000000,0x00000000cabb8568,0x00000000ccf80000)
 Metaspace       used 66084K, committed 67136K, reserved 1114112K
  class space    used 6751K, committed 7168K, reserved 1048576K
}
Event: 16.159 GC heap before
{Heap before GC invocations=180 (full 9):
 PSYoungGen      total 5632K, used 5616K [0x00000000eab00000, 0x00000000eb480000, 0x0000000100000000)
  eden space 4096K, 100% used [0x00000000eab00000,0x00000000eaf00000,0x00000000eaf00000)
  from space 1536K, 99% used [0x00000000eaf00000,0x00000000eb07c390,0x00000000eb080000)
  to   space 2560K, 0% used [0x00000000eb200000,0x00000000eb200000,0x00000000eb480000)
 ParOldGen       total 212480K, used 175841K [0x00000000c0000000, 0x00000000ccf80000, 0x00000000eab00000)
  object space 212480K, 82% used [0x00000000c0000000,0x00000000cabb8568,0x00000000ccf80000)
 Metaspace       used 66084K, committed 67136K, reserved 1114112K
  class space    used 6751K, committed 7168K, reserved 1048576K
}
Event: 16.160 GC heap after
{Heap after GC invocations=180 (full 9):
 PSYoungGen      total 6656K, used 1610K [0x00000000eab00000, 0x00000000eb400000, 0x0000000100000000)
  eden space 4608K, 0% used [0x00000000eab00000,0x00000000eab00000,0x00000000eaf80000)
  from space 2048K, 78% used [0x00000000eb200000,0x00000000eb3928d0,0x00000000eb400000)
  to   space 2048K, 0% used [0x00000000eb000000,0x00000000eb000000,0x00000000eb200000)
 ParOldGen       total 212480K, used 176743K [0x00000000c0000000, 0x00000000ccf80000, 0x00000000eab00000)
  object space 212480K, 83% used [0x00000000c0000000,0x00000000cac99d40,0x00000000ccf80000)
 Metaspace       used 66084K, committed 67136K, reserved 1114112K
  class space    used 6751K, committed 7168K, reserved 1048576K
}
Event: 16.176 GC heap before
{Heap before GC invocations=181 (full 9):
 PSYoungGen      total 6656K, used 6218K [0x00000000eab00000, 0x00000000eb400000, 0x0000000100000000)
  eden space 4608K, 100% used [0x00000000eab00000,0x00000000eaf80000,0x00000000eaf80000)
  from space 2048K, 78% used [0x00000000eb200000,0x00000000eb3928d0,0x00000000eb400000)
  to   space 2048K, 0% used [0x00000000eb000000,0x00000000eb000000,0x00000000eb200000)
 ParOldGen       total 212480K, used 176743K [0x00000000c0000000, 0x00000000ccf80000, 0x00000000eab00000)
  object space 212480K, 83% used [0x00000000c0000000,0x00000000cac99d40,0x00000000ccf80000)
 Metaspace       used 66084K, committed 67136K, reserved 1114112K
  class space    used 6751K, committed 7168K, reserved 1048576K
}
Event: 16.178 GC heap after
{Heap after GC invocations=181 (full 9):
 PSYoungGen      total 7168K, used 2047K [0x00000000eab00000, 0x00000000eb600000, 0x0000000100000000)
  eden space 5120K, 0% used [0x00000000eab00000,0x00000000eab00000,0x00000000eb000000)
  from space 2048K, 99% used [0x00000000eb000000,0x00000000eb1ffec8,0x00000000eb200000)
  to   space 3072K, 0% used [0x00000000eb300000,0x00000000eb300000,0x00000000eb600000)
 ParOldGen       total 212480K, used 177196K [0x00000000c0000000, 0x00000000ccf80000, 0x00000000eab00000)
  object space 212480K, 83% used [0x00000000c0000000,0x00000000cad0b058,0x00000000ccf80000)
 Metaspace       used 66084K, committed 67136K, reserved 1114112K
  class space    used 6751K, committed 7168K, reserved 1048576K
}

